Flutter crash report; please file at https://github.com/flutter/flutter/issues.

## command

flutter build bundle --target C:\Users\leehaejoon\AndroidStudioProjects\flutter_realtimesalary\lib\main.dart --target-platform android-x86 --filesystem-scheme org-dartlang-root --track-widget-creation --depfile C:\Users\leehaejoon\AndroidStudioProjects\flutter_realtimesalary\build\app\intermediates\flutter\debug\android-x86/snapshot_blob.bin.d --asset-dir C:\Users\leehaejoon\AndroidStudioProjects\flutter_realtimesalary\build\app\intermediates\flutter\debug\android-x86/flutter_assets --debug

## exception

FileSystemException: FileSystemException: Exists failed, path = 'C:\Users\leehaejoon\AndroidStudioProjects\flutter_realtimesalary\build\app\intermediates\flutter\debug\android-x86/flutter_assets' (OS Error: 액세스가 거부되었습니다.
, errno = 5)

```
#0      _Directory.existsSync (dart:io/directory_impl.dart:99:7)
#1      _Directory.createSync (dart:io/directory_impl.dart:131:11)
#2      _LocalDirectory&LocalFileSystemEntity&ForwardingDirectory.createSync (package:file/src/forwarding/forwarding_directory.dart:22:16)
#3      writeBundle (package:flutter_tools/src/bundle.dart:181:13)
<asynchronous suspension>
#4      assemble (package:flutter_tools/src/bundle.dart:171:9)
<asynchronous suspension>
#5      BundleBuilder.build (package:flutter_tools/src/bundle.dart:114:11)
<asynchronous suspension>
#6      BuildBundleCommand.runCommand (package:flutter_tools/src/commands/build_bundle.dart:116:25)
<asynchronous suspension>
#7      FlutterCommand.verifyThenRunCommand (package:flutter_tools/src/runner/flutter_command.dart:478:18)
<asynchronous suspension>
#8      FlutterCommand.run.<anonymous closure> (package:flutter_tools/src/runner/flutter_command.dart:383:33)
<asynchronous suspension>
#9      AppContext.run.<anonymous closure> (package:flutter_tools/src/base/context.dart:153:29)
<asynchronous suspension>
#10     _rootRun (dart:async/zone.dart:1124:13)
#11     _CustomZone.run (dart:async/zone.dart:1021:19)
#12     _runZoned (dart:async/zone.dart:1516:10)
#13     runZoned (dart:async/zone.dart:1463:12)
#14     AppContext.run (package:flutter_tools/src/base/context.dart:152:18)
<asynchronous suspension>
#15     FlutterCommand.run (package:flutter_tools/src/runner/flutter_command.dart:375:20)
#16     CommandRunner.runCommand (package:args/command_runner.dart:197:27)
<asynchronous suspension>
#17     FlutterCommandRunner.runCommand.<anonymous closure> (package:flutter_tools/src/runner/flutter_command_runner.dart:396:21)
<asynchronous suspension>
#18     AppContext.run.<anonymous closure> (package:flutter_tools/src/base/context.dart:153:29)
<asynchronous suspension>
#19     _rootRun (dart:async/zone.dart:1124:13)
#20     _CustomZone.run (dart:async/zone.dart:1021:19)
#21     _runZoned (dart:async/zone.dart:1516:10)
#22     runZoned (dart:async/zone.dart:1463:12)
#23     AppContext.run (package:flutter_tools/src/base/context.dart:152:18)
<asynchronous suspension>
#24     FlutterCommandRunner.runCommand (package:flutter_tools/src/runner/flutter_command_runner.dart:356:19)
<asynchronous suspension>
#25     CommandRunner.run.<anonymous closure> (package:args/command_runner.dart:112:25)
#26     new Future.sync (dart:async/future.dart:224:31)
#27     CommandRunner.run (package:args/command_runner.dart:112:14)
#28     FlutterCommandRunner.run (package:flutter_tools/src/runner/flutter_command_runner.dart:242:18)
#29     run.<anonymous closure>.<anonymous closure> (package:flutter_tools/runner.dart:62:22)
<asynchronous suspension>
#30     _rootRun (dart:async/zone.dart:1124:13)
#31     _CustomZone.run (dart:async/zone.dart:1021:19)
#32     _runZoned (dart:async/zone.dart:1516:10)
#33     runZoned (dart:async/zone.dart:1500:12)
#34     run.<anonymous closure> (package:flutter_tools/runner.dart:60:18)
<asynchronous suspension>
#35     AppContext.run.<anonymous closure> (package:flutter_tools/src/base/context.dart:153:29)
<asynchronous suspension>
#36     _rootRun (dart:async/zone.dart:1124:13)
#37     _CustomZone.run (dart:async/zone.dart:1021:19)
#38     _runZoned (dart:async/zone.dart:1516:10)
#39     runZoned (dart:async/zone.dart:1463:12)
#40     AppContext.run (package:flutter_tools/src/base/context.dart:152:18)
<asynchronous suspension>
#41     runInContext (package:flutter_tools/src/context_runner.dart:56:24)
<asynchronous suspension>
#42     run (package:flutter_tools/runner.dart:51:10)
#43     main (package:flutter_tools/executable.dart:62:9)
<asynchronous suspension>
#44     main (file:///C:/b/s/w/ir/k/archive/flutter/packages/flutter_tools/bin/flutter_tools.dart:8:3)
#45     _startIsolate.<anonymous closure> (dart:isolate-patch/isolate_patch.dart:299:32)
#46     _RawReceivePortImpl._handleMessage (dart:isolate-patch/isolate_patch.dart:172:12)
```

## flutter doctor

```
[✓] Flutter (Channel stable, v1.7.8+hotfix.4, on Microsoft Windows [Version 6.1.7601], locale ko-KR)
    • Flutter version 1.7.8+hotfix.4 at C:\flutter_windows_v1.7.8+hotfix.4-stable\flutter
    • Framework revision 20e59316b8 (8 days ago), 2019-07-18 20:04:33 -0700
    • Engine revision fee001c93f
    • Dart version 2.4.0

[!] Android toolchain - develop for Android devices (Android SDK version 29.0.1)
    • Android SDK at C:\Users\leehaejoon\AppData\Local\Android\sdk
    • Android NDK location not configured (optional; useful for native profiling support)
    • Platform android-29, build-tools 29.0.1
    • Java binary at: C:\Program Files\Android\Android Studio\jre\bin\java
    • Java version OpenJDK Runtime Environment (build 1.8.0_152-release-1343-b01)
    ! Some Android licenses not accepted.  To resolve this, run: flutter doctor --android-licenses

[✓] Android Studio (version 3.4)
    • Android Studio at C:\Program Files\Android\Android Studio
    • Flutter plugin version 37.1.1
    • Dart plugin version 183.6270
    • Java version OpenJDK Runtime Environment (build 1.8.0_152-release-1343-b01)

[✓] Connected device (1 available)
    • Android SDK built for x86 • emulator-5554 • android-x86 • Android 10 (API 29) (emulator)

! Doctor found issues in 1 category.
```
